============================= test session starts ==============================
platform darwin -- Python 3.11.14, pytest-8.3.3, pluggy-1.6.0
rootdir: /Users/thomashulihan/Projects/TRR/TRR-Backend
configfile: pytest.ini
plugins: anyio-4.11.0
collected 71 items

tests/api/routers/test_admin_person_images.py .............FFF.......... [ 36%]
.............................................                            [100%]

=================================== FAILURES ===================================
_ test_enrich_cast_photos_with_episode_metadata_falls_back_to_imdb_title_metadata _

monkeypatch = <_pytest.monkeypatch.MonkeyPatch object at 0x123cdd990>

    def test_enrich_cast_photos_with_episode_metadata_falls_back_to_imdb_title_metadata(monkeypatch) -> None:
        photos = [
            {
                "source": "imdb",
                "title_imdb_ids": ["tt35051926"],
                "title_names": ["Reunion Part 3"],
                "metadata": {},
            }
        ]
    
        mock_db = MagicMock()
        episodes_response = MagicMock()
        episodes_response.error = None
        episodes_response.data = []
        episodes_query = mock_db.schema.return_value.table.return_value.select.return_value.in_.return_value
        episodes_query.execute.return_value = episodes_response
    
        monkeypatch.setattr(
            admin_person_images,
            "_fetch_imdb_title_fallback_metadata",
            lambda imdb_ids: {
                "tt35051926": {
                    "episode_imdb_id": "tt35051926",
                    "episode_title": "Reunion Part 3",
                    "season_number": 14,
                    "episode_number": 20,
                    "episode_air_date": "2025-04-15",
                    "show_name": "The Real Housewives of Beverly Hills",
                    "show_imdb_id": "tt1720601",
                    "show_short_code": "RHOBH",
                    "imdb_title_type": "TVEpisode",
                }
            },
        )
        monkeypatch.setattr(
            admin_person_images,
            "_build_show_lookup_maps",
            lambda db: (
                {
                    "tt1720601": {
                        "id": "show-rhobh-id",
                        "name": "The Real Housewives of Beverly Hills",
                        "imdb_id": "tt1720601",
                    }
                },
                {
                    "the real housewives of beverly hills": {
                        "id": "show-rhobh-id",
                        "name": "The Real Housewives of Beverly Hills",
                        "imdb_id": "tt1720601",
                    }
                },
                {
                    "show-rhobh-id": {
                        "id": "show-rhobh-id",
                        "name": "The Real Housewives of Beverly Hills",
                        "imdb_id": "tt1720601",
                    }
                },
            ),
        )
    
        tagged, failed = admin_person_images._enrich_cast_photos_with_episode_metadata(mock_db, photos)
    
        assert tagged == 1
        assert failed == 0
        enriched = photos[0]
>       assert enriched["season"] == 14
E       KeyError: 'season'

tests/api/routers/test_admin_person_images.py:494: KeyError
_ test_enrich_cast_photos_with_episode_metadata_marks_unresolved_imdb_episode_show_as_null _

monkeypatch = <_pytest.monkeypatch.MonkeyPatch object at 0x12307b410>

    def test_enrich_cast_photos_with_episode_metadata_marks_unresolved_imdb_episode_show_as_null(monkeypatch) -> None:
        photos = [
            {
                "source": "imdb",
                "title_imdb_ids": ["tt26755932"],
                "title_names": ["Milo Ventimiglia & Alan Cumming"],
                "metadata": {
                    "show_id": "stale-show-id",
                    "show_name": "Stale Show",
                    "show_imdb_id": "tt0000000",
                    "show_short_code": "SS",
                },
            }
        ]
    
        mock_db = MagicMock()
        episodes_response = MagicMock()
        episodes_response.error = None
        episodes_response.data = []
        episodes_query = mock_db.schema.return_value.table.return_value.select.return_value.in_.return_value
        episodes_query.execute.return_value = episodes_response
    
        monkeypatch.setattr(
            admin_person_images,
            "_fetch_imdb_title_fallback_metadata",
            lambda imdb_ids: {
                "tt26755932": {
                    "episode_imdb_id": "tt26755932",
                    "episode_title": "Milo Ventimiglia & Alan Cumming",
                    "season_number": 20,
                    "episode_number": 37,
                    "episode_air_date": "2023-03-15",
                    "show_name": "Watch What Happens Live with Andy Cohen",
                    "show_imdb_id": "tt0318220",
                    "show_short_code": None,
                    "imdb_title_type": "TVEpisode",
                }
            },
        )
        monkeypatch.setattr(
            admin_person_images,
            "_build_show_lookup_maps",
            lambda db: ({}, {}, {}),
        )
    
        tagged, failed = admin_person_images._enrich_cast_photos_with_episode_metadata(mock_db, photos)
    
        assert tagged == 1
        assert failed == 0
        metadata = photos[0]["metadata"]
>       assert metadata["show_context_source"] == "imdb_episode_unresolved"
E       AssertionError: assert 'request_context_rejected' == 'imdb_episode_unresolved'
E         
E         - imdb_episode_unresolved
E         + request_context_rejected

tests/api/routers/test_admin_person_images.py:559: AssertionError
_ test_enrich_cast_photos_with_episode_metadata_uses_wwhl_credit_episode_ids_when_fallback_missing _

monkeypatch = <_pytest.monkeypatch.MonkeyPatch object at 0x123432b90>

    def test_enrich_cast_photos_with_episode_metadata_uses_wwhl_credit_episode_ids_when_fallback_missing(
        monkeypatch,
    ) -> None:
        photos = [
            {
                "source": "imdb",
                "title_imdb_ids": ["tt26755932"],
                "title_names": ["Milo Ventimiglia & Alan Cumming"],
                "metadata": {},
            }
        ]
    
        mock_db = MagicMock()
        episodes_response = MagicMock()
        episodes_response.error = None
        episodes_response.data = []
        episodes_query = mock_db.schema.return_value.table.return_value.select.return_value.in_.return_value
        episodes_query.execute.return_value = episodes_response
    
        monkeypatch.setattr(admin_person_images, "_fetch_imdb_title_fallback_metadata", lambda imdb_ids: {})
        monkeypatch.setattr(admin_person_images, "_build_show_lookup_maps", lambda db: ({}, {}, {}))
    
        tagged, failed = admin_person_images._enrich_cast_photos_with_episode_metadata(
            mock_db,
            photos,
            person_wwhl_episode_imdb_ids={"tt26755932"},
        )
    
        assert tagged == 1
        assert failed == 0
        metadata = photos[0]["metadata"]
>       assert metadata["show_context_source"] == "imdb_episode_unresolved"
E       AssertionError: assert 'request_context_rejected' == 'imdb_episode_unresolved'
E         
E         - imdb_episode_unresolved
E         + request_context_rejected

tests/api/routers/test_admin_person_images.py:599: AssertionError
=========================== short test summary info ============================
FAILED tests/api/routers/test_admin_person_images.py::test_enrich_cast_photos_with_episode_metadata_falls_back_to_imdb_title_metadata
FAILED tests/api/routers/test_admin_person_images.py::test_enrich_cast_photos_with_episode_metadata_marks_unresolved_imdb_episode_show_as_null
FAILED tests/api/routers/test_admin_person_images.py::test_enrich_cast_photos_with_episode_metadata_uses_wwhl_credit_episode_ids_when_fallback_missing
======================== 3 failed, 68 passed in 43.34s =========================
